<?xml version="1.0" encoding="UTF-8"?>
<!-- Generated by org.testng.reporters.JUnitReportReporter -->
<testsuite skipped="0" hostname="DESKTOP-NRVKOD6" name="testCases.POST_Or_Create_A_Product" tests="1" failures="0" timestamp="2021-06-26T13:44:52 CDT" time="1.757" errors="0">
  <testcase name="create_A_Product" time="1.757" classname="testCases.POST_Or_Create_A_Product"/>
  <system-out/>
</testsuite> <!-- testCases.POST_Or_Create_A_Product -->
