<?xml version="1.0" encoding="UTF-8"?>
<!-- Generated by org.testng.reporters.JUnitReportReporter -->
<testsuite skipped="0" hostname="DESKTOP-NRVKOD6" name="testCases.PUT_Or_Update_A_Product" tests="1" failures="0" timestamp="2021-06-26T13:45:01 CDT" time="1.603" errors="0">
  <testcase name="update_A_Product" time="1.603" classname="testCases.PUT_Or_Update_A_Product"/>
  <system-out/>
</testsuite> <!-- testCases.PUT_Or_Update_A_Product -->
