<?xml version="1.0" encoding="UTF-8"?>
<!-- Generated by org.testng.reporters.JUnitReportReporter -->
<testsuite skipped="0" hostname="DESKTOP-NRVKOD6" name="testCases.Delete_A_Product" tests="1" failures="0" timestamp="2021-06-26T13:45:07 CDT" time="1.640" errors="0">
  <testcase name="delete_A_Product" time="1.640" classname="testCases.Delete_A_Product"/>
  <system-out/>
</testsuite> <!-- testCases.Delete_A_Product -->
